<?xml version="1.0" encoding="UTF-8"?>
<!-- Generated by org.testng.reporters.JUnitReportReporter -->
<testsuite hostname="Rutuja" failures="0" tests="2" name="com.qa.opencart.pagetests.ItemPageTest" time="1.764" errors="0" timestamp="2024-11-14T16:53:11 IST" skipped="0">
  <testcase classname="com.qa.opencart.pagetests.ItemPageTest" name="navigateToItemPageTest" time="1.762"/>
  <testcase classname="com.qa.opencart.pagetests.ItemPageTest" name="UrlofItemPageTest" time="0.002"/>
</testsuite> <!-- com.qa.opencart.pagetests.ItemPageTest -->
