<?xml version="1.0" encoding="UTF-8"?>
<!-- Generated by org.testng.reporters.JUnitReportReporter -->
<testsuite hostname="Rutuja" failures="0" tests="3" name="com.qa.opencart.pagetests.HomePageTest" time="10.660" errors="0" timestamp="2024-11-13T21:56:57 IST" skipped="0">
  <testcase classname="com.qa.opencart.pagetests.HomePageTest" name="SearchItemTest" time="7.986"/>
  <testcase classname="com.qa.opencart.pagetests.HomePageTest" name="SearchItemTest" time="2.633"/>
  <testcase classname="com.qa.opencart.pagetests.HomePageTest" name="HomePageTitleTest" time="0.041"/>
</testsuite> <!-- com.qa.opencart.pagetests.HomePageTest -->
